#
# There is insufficient memory for the Java Runtime Environment to continue.
# Native memory allocation (mmap) failed to map 257949696 bytes for G1 virtual space
# Possible reasons:
#   The system is out of physical RAM or swap space
#   The process is running with CompressedOops enabled, and the Java Heap may be blocking the growth of the native heap
# Possible solutions:
#   Reduce memory load on the system
#   Increase physical memory or swap space
#   Check if swap backing store is full
#   Decrease Java heap size (-Xmx/-Xms)
#   Decrease number of Java threads
#   Decrease Java thread stack sizes (-Xss)
#   Set larger code cache with -XX:ReservedCodeCacheSize=
#   JVM is running with Zero Based Compressed Oops mode in which the Java heap is
#     placed in the first 32GB address space. The Java Heap base address is the
#     maximum limit for the native heap growth. Please use -XX:HeapBaseMinAddress
#     to set the Java Heap base and to place the Java Heap above 32GB virtual address.
# This output file may be truncated or incomplete.
#
#  Out of Memory Error (os_windows.cpp:3559), pid=12496, tid=17536
#
# JRE version:  (17.0.7+7) (build )
# Java VM: OpenJDK 64-Bit Server VM (17.0.7+7-LTS, mixed mode, emulated-client, sharing, tiered, compressed oops, compressed class ptrs, g1 gc, windows-amd64)
# No core dump will be written. Minidumps are not enabled by default on client versions of Windows
#

---------------  S U M M A R Y ------------

Command Line: -XX:TieredStopAtLevel=1 -Dspring.output.ansi.enabled=always -Dcom.sun.management.jmxremote -Dspring.jmx.enabled=true -Dspring.liveBeansView.mbeanDomain -Dspring.application.admin.enabled=true -Dmanagement.endpoints.jmx.exposure.include=* -javaagent:C:\Program Files\JetBrains\IntelliJ IDEA 2023.1.2\lib\idea_rt.jar=65101:C:\Program Files\JetBrains\IntelliJ IDEA 2023.1.2\bin -Dfile.encoding=UTF-8 ar.unq.desapp.grupob.backenddesappapi.BackendDesappApiApplicationKt

Host: AMD Ryzen 7 5700G with Radeon Graphics         , 16 cores, 15G,  Windows 11 , 64 bit Build 22621 (10.0.22621.3374)
Time: Sat Apr 27 23:36:40 2024 Hora estándar de Argentina elapsed time: 0.009088 seconds (0d 0h 0m 0s)

---------------  T H R E A D  ---------------

Current thread (0x000001b9306e4450):  JavaThread "Unknown thread" [_thread_in_vm, id=17536, stack(0x0000002767700000,0x0000002767800000)]

Stack: [0x0000002767700000,0x0000002767800000]
Native frames: (J=compiled Java code, j=interpreted, Vv=VM code, C=native code)
V  [jvm.dll+0x64b53a]
V  [jvm.dll+0x7fef54]
V  [jvm.dll+0x80070e]
V  [jvm.dll+0x800d63]
V  [jvm.dll+0x236a2b]
V  [jvm.dll+0x64843a]
V  [jvm.dll+0x63ce8a]
V  [jvm.dll+0x2f5629]
V  [jvm.dll+0x2fc826]
V  [jvm.dll+0x348eea]
V  [jvm.dll+0x34912f]
V  [jvm.dll+0x2cb9a8]
V  [jvm.dll+0x2cc939]
V  [jvm.dll+0x7d2cd1]
V  [jvm.dll+0x3563c1]
V  [jvm.dll+0x7b32ae]
V  [jvm.dll+0x3d38d3]
V  [jvm.dll+0x3d52c1]
C  [jli.dll+0x51bf]
C  [ucrtbase.dll+0x29333]
C  [KERNEL32.DLL+0x1257d]
C  [ntdll.dll+0x5aa48]


---------------  P R O C E S S  ---------------

Threads class SMR info:
_java_thread_list=0x00007ffc5802c858, length=0, elements={
}

Java Threads: ( => current thread )

Other Threads:
  0x000001b93074e180 GCTaskThread "GC Thread#0" [stack: 0x0000002767800000,0x0000002767900000] [id=10904]
  0x000001b93075e6c0 ConcurrentGCThread "G1 Main Marker" [stack: 0x0000002767900000,0x0000002767a00000] [id=22716]
  0x000001b93075f0d0 ConcurrentGCThread "G1 Conc#0" [stack: 0x0000002767a00000,0x0000002767b00000] [id=7732]

[error occurred during error reporting (printing all threads), id 0xc0000005, EXCEPTION_ACCESS_VIOLATION (0xc0000005) at pc=0x00007ffc5781cc47]

VM state: not at safepoint (not fully initialized)

VM Mutex/Monitor currently owned by a thread:  ([mutex/lock_event])
[0x000001b9306e0ac0] Heap_lock - owner thread: 0x000001b9306e4450

Heap address: 0x000000070a000000, size: 3936 MB, Compressed Oops mode: Zero based, Oop shift amount: 3

CDS archive(s) mapped at: [0x0000000000000000-0x0000000000000000-0x0000000000000000), size 0, SharedBaseAddress: 0x0000000800000000, ArchiveRelocationMode: 0.
Narrow klass base: 0x0000000000000000, Narrow klass shift: 0, Narrow klass range: 0x0

GC Precious Log:
<Empty>

Heap:
 garbage-first heap   total 0K, used 0K [0x000000070a000000, 0x0000000800000000)
  region size 2048K, 0 young (0K), 0 survivors (0K)

[error occurred during error reporting (printing heap information), id 0xc0000005, EXCEPTION_ACCESS_VIOLATION (0xc0000005) at pc=0x00007ffc57be3419]

GC Heap History (0 events):
No events

Dll operation events (1 events):
Event: 0.006 Loaded shared library C:\Users\Usuario\.jdks\corretto-17.0.7\bin\java.dll

Deoptimization events (0 events):
No events

Classes unloaded (0 events):
No events

Classes redefined (0 events):
No events

Internal exceptions (0 events):
No events

VM Operations (0 events):
No events

Events (0 events):
No events


Dynamic libraries:
0x00007ff776e10000 - 0x00007ff776e1d000 	C:\Users\Usuario\.jdks\corretto-17.0.7\bin\java.exe
0x00007ffcb97d0000 - 0x00007ffcb99e6000 	C:\WINDOWS\SYSTEM32\ntdll.dll
0x00007ffcb7e30000 - 0x00007ffcb7ef4000 	C:\WINDOWS\System32\KERNEL32.DLL
0x00007ffcb7150000 - 0x00007ffcb74f7000 	C:\WINDOWS\System32\KERNELBASE.dll
0x00007ffcb6b50000 - 0x00007ffcb6c61000 	C:\WINDOWS\System32\ucrtbase.dll
0x00007ffca6030000 - 0x00007ffca6045000 	C:\Users\Usuario\.jdks\corretto-17.0.7\bin\VCRUNTIME140.dll
0x00007ffca48f0000 - 0x00007ffca4907000 	C:\Users\Usuario\.jdks\corretto-17.0.7\bin\jli.dll
0x00007ffcb9380000 - 0x00007ffcb952e000 	C:\WINDOWS\System32\USER32.dll
0x00007ffca03e0000 - 0x00007ffca0673000 	C:\WINDOWS\WinSxS\amd64_microsoft.windows.common-controls_6595b64144ccf1df_6.0.22621.3235_none_270f74e173860f98\COMCTL32.dll
0x00007ffcb6af0000 - 0x00007ffcb6b16000 	C:\WINDOWS\System32\win32u.dll
0x00007ffcb8190000 - 0x00007ffcb8237000 	C:\WINDOWS\System32\msvcrt.dll
0x00007ffcb8160000 - 0x00007ffcb8189000 	C:\WINDOWS\System32\GDI32.dll
0x00007ffcb6f70000 - 0x00007ffcb7089000 	C:\WINDOWS\System32\gdi32full.dll
0x00007ffcb6de0000 - 0x00007ffcb6e7a000 	C:\WINDOWS\System32\msvcp_win.dll
0x00007ffcb82f0000 - 0x00007ffcb8321000 	C:\WINDOWS\System32\IMM32.DLL
0x00007ffc91bd0000 - 0x00007ffc91c6b000 	C:\Users\Usuario\.jdks\corretto-17.0.7\bin\msvcp140.dll
0x00007ffc57540000 - 0x00007ffc5815a000 	C:\Users\Usuario\.jdks\corretto-17.0.7\bin\server\jvm.dll
0x00007ffcb9530000 - 0x00007ffcb95e2000 	C:\WINDOWS\System32\ADVAPI32.dll
0x00007ffcb95f0000 - 0x00007ffcb9698000 	C:\WINDOWS\System32\sechost.dll
0x00007ffcb6b20000 - 0x00007ffcb6b48000 	C:\WINDOWS\System32\bcrypt.dll
0x00007ffcb8bb0000 - 0x00007ffcb8cc5000 	C:\WINDOWS\System32\RPCRT4.dll
0x00007ffca00b0000 - 0x00007ffca00b9000 	C:\WINDOWS\SYSTEM32\WSOCK32.dll
0x00007ffcb0720000 - 0x00007ffcb0754000 	C:\WINDOWS\SYSTEM32\WINMM.dll
0x00007ffcab9e0000 - 0x00007ffcab9ea000 	C:\WINDOWS\SYSTEM32\VERSION.dll
0x00007ffcb7500000 - 0x00007ffcb7571000 	C:\WINDOWS\System32\WS2_32.dll
0x00007ffcb5af0000 - 0x00007ffcb5b08000 	C:\WINDOWS\SYSTEM32\kernel.appcore.dll
0x00007ffcb1190000 - 0x00007ffcb119a000 	C:\Users\Usuario\.jdks\corretto-17.0.7\bin\jimage.dll
0x00007ffcacd10000 - 0x00007ffcacf43000 	C:\WINDOWS\SYSTEM32\DBGHELP.DLL
0x00007ffcb8ff0000 - 0x00007ffcb9378000 	C:\WINDOWS\System32\combase.dll
0x00007ffcb96a0000 - 0x00007ffcb9777000 	C:\WINDOWS\System32\OLEAUT32.dll
0x00007ffcaaaf0000 - 0x00007ffcaab22000 	C:\WINDOWS\SYSTEM32\dbgcore.DLL
0x00007ffcb6ef0000 - 0x00007ffcb6f69000 	C:\WINDOWS\System32\bcryptPrimitives.dll
0x00007ffca6020000 - 0x00007ffca602e000 	C:\Users\Usuario\.jdks\corretto-17.0.7\bin\instrument.dll
0x00007ffc9c620000 - 0x00007ffc9c645000 	C:\Users\Usuario\.jdks\corretto-17.0.7\bin\java.dll

dbghelp: loaded successfully - version: 4.0.5 - missing functions: none
symbol engine: initialized successfully - sym options: 0x614 - pdb path: .;C:\Users\Usuario\.jdks\corretto-17.0.7\bin;C:\WINDOWS\SYSTEM32;C:\WINDOWS\WinSxS\amd64_microsoft.windows.common-controls_6595b64144ccf1df_6.0.22621.3235_none_270f74e173860f98;C:\Users\Usuario\.jdks\corretto-17.0.7\bin\server

VM Arguments:
jvm_args: -XX:TieredStopAtLevel=1 -Dspring.output.ansi.enabled=always -Dcom.sun.management.jmxremote -Dspring.jmx.enabled=true -Dspring.liveBeansView.mbeanDomain -Dspring.application.admin.enabled=true -Dmanagement.endpoints.jmx.exposure.include=* -javaagent:C:\Program Files\JetBrains\IntelliJ IDEA 2023.1.2\lib\idea_rt.jar=65101:C:\Program Files\JetBrains\IntelliJ IDEA 2023.1.2\bin -Dfile.encoding=UTF-8 
java_command: ar.unq.desapp.grupob.backenddesappapi.BackendDesappApiApplicationKt
java_class_path (initial): C:\Users\Usuario\Desktop\Desarrollo de aplicaciones\unq-desapp-2024s1-grupo-b\build\classes\kotlin\main;C:\Users\Usuario\Desktop\Desarrollo de aplicaciones\unq-desapp-2024s1-grupo-b\build\resources\main;C:\Users\Usuario\.gradle\caches\modules-2\files-2.1\org.springframework.boot\spring-boot-starter-web\3.2.3\bf2b775d4f4e6349129c64de30939a5493779706\spring-boot-starter-web-3.2.3.jar;C:\Users\Usuario\.gradle\caches\modules-2\files-2.1\org.springdoc\springdoc-openapi-starter-webmvc-ui\2.3.0\b4af31e9d40539c94f8debbf760134d961333c24\springdoc-openapi-starter-webmvc-ui-2.3.0.jar;C:\Users\Usuario\.gradle\caches\modules-2\files-2.1\com.fasterxml.jackson.module\jackson-module-kotlin\2.15.4\8801daa3840336ff3de969ce4cb8a3b1a9be0412\jackson-module-kotlin-2.15.4.jar;C:\Users\Usuario\.gradle\caches\modules-2\files-2.1\org.jetbrains.kotlin\kotlin-reflect\1.9.22\761ab33cf85f03a3a24595e1b92639d82e7a9564\kotlin-reflect-1.9.22.jar;C:\Users\Usuario\.gradle\caches\modules-2\files-2.1\org.jetbrains.kotlin\kotlin-stdlib\1.9.22\d6c44cd08d8f3f9bece8101216dbe6553365c6e3\kotlin-stdlib-1.9.22.jar;C:\Users\Usuario\.gradle\caches\modules-2\files-2.1\org.springframework.boot\spring-boot-starter-data-jpa\3.2.3\1fd0770b23c57627e5a37726fb4060f5bfa4da6f\spring-boot-starter-data-jpa-3.2.3.jar;C:\Users\Usuario\.gradle\caches\modules-2\files-2.1\org.springframework.boot\spring-boot-starter-security\3.2.4\a1b9f09832c42c6c079be67bf3e7989c54a338ff\spring-boot-starter-security-3.2.4.jar;C:\Users\Usuario\.gradle\caches\modules-2\files-2.1\org.springframework.security\spring-security-core\6.2.3\52f2751381dcfad2c8cd2bfb4c7ca7b1adf2ea5e\spring-security-core-6.2.3.jar;C:\Users\Usuario\.gradle\caches\modules-2\files-2.1\io.jsonwebtoken\jjwt-api\0.12.5\ea8243e36f16c2834ad69a048ed8a24aa9dd3e79\jjwt-api-0.12.5.jar;C:\Users\Usuario\.gradle\caches\modules-2\files-2.1\javax.validation\validation-api\2.0.1.Final\cb855558e6271b1b32e716d24cb85c7f583ce09e\validation-api-2.0.1.Final.jar;C:\Users
Launcher Type: SUN_STANDARD

[Global flags]
     intx CICompilerCount                          = 12                                        {product} {ergonomic}
     uint ConcGCThreads                            = 3                                         {product} {ergonomic}
     uint G1ConcRefinementThreads                  = 13                                        {product} {ergonomic}
   size_t G1HeapRegionSize                         = 2097152                                   {product} {ergonomic}
    uintx GCDrainStackTargetSize                   = 64                                        {product} {ergonomic}
   size_t InitialHeapSize                          = 257949696                                 {product} {ergonomic}
     bool ManagementServer                         = true                                      {product} {command line}
   size_t MarkStackSize                            = 4194304                                   {product} {ergonomic}
   size_t MaxHeapSize                              = 4127195136                                {product} {ergonomic}
   size_t MinHeapDeltaBytes                        = 2097152                                   {product} {ergonomic}
   size_t MinHeapSize                              = 8388608                                   {product} {ergonomic}
    uintx NonProfiledCodeHeapSize                  = 0                                      {pd product} {ergonomic}
     bool ProfileInterpreter                       = false                                  {pd product} {command line}
    uintx ProfiledCodeHeapSize                     = 0                                      {pd product} {ergonomic}
   size_t SoftMaxHeapSize                          = 4127195136                             {manageable} {ergonomic}
     intx TieredStopAtLevel                        = 1                                         {product} {command line}
     bool UseCompressedClassPointers               = true                           {product lp64_product} {ergonomic}
     bool UseCompressedOops                        = true                           {product lp64_product} {ergonomic}
     bool UseG1GC                                  = true                                      {product} {ergonomic}
     bool UseLargePagesIndividualAllocation        = false                                  {pd product} {ergonomic}

Logging:
Log output configuration:
 #0: stdout all=warning uptime,level,tags
 #1: stderr all=off uptime,level,tags

Environment Variables:
JAVA_HOME=C:\Program Files\Eclipse Adoptium\jdk-17.0.8.101-hotspot\
PATH=C:\Program Files (x86)\Common Files\Oracle\Java\javapath;C:\Program Files\Eclipse Adoptium\jdk-17.0.8.101-hotspot\bin;C:\Ruby31-x64\bin;C:\Program Files (x86)\Razer\ChromaBroadcast\bin;C:\Program Files\Razer\ChromaBroadcast\bin;C:\WINDOWS\system32;C:\WINDOWS;C:\WINDOWS\System32\Wbem;C:\WINDOWS\System32\WindowsPowerShell\v1.0\;C:\WINDOWS\System32\OpenSSH\;C:\Program Files\Git\cmd;C:\Users\Usuario\AppData\Roaming\nvm;C:\Program Files\nodejs;C:\WINDOWS\system32\config\systemprofile\AppData\Local\Microsoft\WindowsApps;C:\Users\Usuario\AppData\Roaming\nvm;C:\Program Files\nodejs;C:\Program Files\MongoDB\Server\6.0\bin;C:\Program Files\sf\bin;C:\Program Files\nodejs\;C:\WINDOWS\system32;C:\WINDOWS;C:\WINDOWS\System32\Wbem;;C:\Program Files\Docker\Docker\resources\bin;C:\Ruby31-x64\bin;C:\Program Files\MySQL\MySQL Shell 8.0\bin\;C:\Users\Usuario\AppData\Local\Microsoft\WindowsApps;C:\Users\Usuario\AppData\Local\Programs\Microsoft VS Code\bin;C:\Users\Usuario\AppData\Local\GitHubDesktop\bin;C:\Program Files\sfdx\bin;C:\Users\Usuario\AppData\Roaming\nvm;C:\Program Files\nodejs;C:\Program Files\JetBrains\RubyMine 2023.1\bin;C:\Users\Usuario\AppData\Local\Coursier\data\bin;C:\Users\Usuario\AppData\Local\JetBrains\Toolbox\scripts;C:\Program Files\JetBrains\IntelliJ IDEA 2023.1.2\bin;;C:\Program Files\MongoDB\Server\6.0\bin;C:\Users\Usuario\AppData\Local\JetBrains\PyCharm 2023.2\bin;;C:\Program Files\JetBrains\RubyMine 2023.2.1\bin;;C:\Users\Usuario\AppData\Roaming\npm;C:\Windows\System32;
USERNAME=Usuario
OS=Windows_NT
PROCESSOR_IDENTIFIER=AMD64 Family 25 Model 80 Stepping 0, AuthenticAMD
TMP=C:\Users\Usuario\AppData\Local\Temp
TEMP=C:\Users\Usuario\AppData\Local\Temp



---------------  S Y S T E M  ---------------

OS:
 Windows 11 , 64 bit Build 22621 (10.0.22621.3374)
OS uptime: 2 days 22:10 hours
Hyper-V role detected

CPU: total 16 (initial active 16) (16 cores per cpu, 2 threads per core) family 25 model 80 stepping 0 microcode 0x0, cx8, cmov, fxsr, ht, mmx, 3dnowpref, sse, sse2, sse3, ssse3, sse4a, sse4.1, sse4.2, popcnt, lzcnt, tsc, tscinvbit, avx, avx2, aes, erms, clmul, bmi1, bmi2, adx, sha, fma, vzeroupper, clflush, clflushopt, hv

Memory: 4k page, system-wide physical 15741M (409M free)
TotalPageFile size 19628M (AvailPageFile size 143M)
current process WorkingSet (physical memory assigned to process): 11M, peak: 11M
current process commit charge ("private bytes"): 66M, peak: 311M

vm_info: OpenJDK 64-Bit Server VM (17.0.7+7-LTS) for windows-amd64 JRE (17.0.7+7-LTS), built on Apr 14 2023 01:39:21 by "Administrator" with MS VC++ 15.9 (VS2017)

END.
